{"count":4,"emails":["geeyasc@gmail.com","e@gmail.com","harshitmalhotra141@gmail.com","harry@gmail.com"],"level":"info","message":"Qualified employee notification target list","timestamp":"2025-09-27T13:18:55.944Z"}
{"createdShiftLength":1,"level":"info","message":"Shift data for email notification","shift":{"Additionalvalue":null,"Cancelledbycontactdetails":null,"Cancelledbyfullname":null,"Clientid":16,"Clientlocationid":31,"Createdat":"2025-09-27T13:18:54.000Z","Createdbyid":110,"Deletedat":null,"Deletedbyid":null,"Endtime":"2025-09-29 02:00:00","ID":191,"Iscancelled":null,"LocationName":"GS Certified Location","Qualificationgroupid":7,"Shiftdate":"2025-09-29 00:00:00","Starttime":"2025-09-29 01:00:00","Sysstarttime":"2025-09-27T13:18:54.000Z","Totalrequiredstaffnumber":1,"Updatedat":"2025-09-27T13:18:54.000Z","Updatedbyid":110,"clientname":"GS Certified Client"},"timestamp":"2025-09-27T13:18:55.945Z"}
{"clientName":"GS Certified Client","level":"info","locationName":"GS Certified Location","message":"Email notification data","shiftDate":"2025-09-29 00:00:00","timestamp":"2025-09-27T13:18:55.945Z"}
{"level":"info","message":"Sending shift notification email","timestamp":"2025-09-27T13:18:55.946Z","to":"geeyasc@gmail.com"}
{"formattedEndTime":"2025-09-29 02:00","formattedShiftDate":"2025-09-29","formattedStartTime":"2025-09-29 01:00","level":"info","message":"Email template data","qualificationNames":["Midwife"],"timestamp":"2025-09-27T13:18:55.946Z"}
{"level":"info","message":"Attempting to send email","subject":"New Shift Available: GS Certified Location on 2025-09-29","timestamp":"2025-09-27T13:18:55.947Z","to":"geeyasc@gmail.com"}
{"level":"info","message":"Sending shift notification email","timestamp":"2025-09-27T13:18:55.950Z","to":"e@gmail.com"}
{"formattedEndTime":"2025-09-29 02:00","formattedShiftDate":"2025-09-29","formattedStartTime":"2025-09-29 01:00","level":"info","message":"Email template data","qualificationNames":["Midwife"],"timestamp":"2025-09-27T13:18:55.951Z"}
{"level":"info","message":"Attempting to send email","subject":"New Shift Available: GS Certified Location on 2025-09-29","timestamp":"2025-09-27T13:18:55.951Z","to":"e@gmail.com"}
{"level":"info","message":"Sending shift notification email","timestamp":"2025-09-27T13:18:55.952Z","to":"harshitmalhotra141@gmail.com"}
{"formattedEndTime":"2025-09-29 02:00","formattedShiftDate":"2025-09-29","formattedStartTime":"2025-09-29 01:00","level":"info","message":"Email template data","qualificationNames":["Midwife"],"timestamp":"2025-09-27T13:18:55.952Z"}
{"level":"info","message":"Attempting to send email","subject":"New Shift Available: GS Certified Location on 2025-09-29","timestamp":"2025-09-27T13:18:55.952Z","to":"harshitmalhotra141@gmail.com"}
{"level":"info","message":"Sending shift notification email","timestamp":"2025-09-27T13:18:55.953Z","to":"harry@gmail.com"}
{"formattedEndTime":"2025-09-29 02:00","formattedShiftDate":"2025-09-29","formattedStartTime":"2025-09-29 01:00","level":"info","message":"Email template data","qualificationNames":["Midwife"],"timestamp":"2025-09-27T13:18:55.954Z"}
{"level":"info","message":"Attempting to send email","subject":"New Shift Available: GS Certified Location on 2025-09-29","timestamp":"2025-09-27T13:18:55.954Z","to":"harry@gmail.com"}
{"level":"info","message":"Email sent successfully","timestamp":"2025-09-27T13:19:00.544Z","to":"harshitmalhotra141@gmail.com"}
{"level":"info","message":"Email sent successfully","timestamp":"2025-09-27T13:19:00.672Z","to":"e@gmail.com"}
{"level":"info","message":"Email sent successfully","timestamp":"2025-09-27T13:19:00.892Z","to":"geeyasc@gmail.com"}
{"level":"info","message":"Email sent successfully","timestamp":"2025-09-27T13:19:01.749Z","to":"harry@gmail.com"}
{"error":{"code":"ER_BAD_FIELD_ERROR","errno":1054,"message":"Unknown column 'EntityType' in 'where clause'","sql":"SELECT * FROM Attachments \n       WHERE EntityType = 'Clientshiftrequest' AND EntityID = 190 AND Deletedat IS NULL","sqlMessage":"Unknown column 'EntityType' in 'where clause'","sqlState":"42S22"},"level":"error","message":"Update shift request attachment error","timestamp":"2025-09-27T14:15:06.296Z"}
{"error":{},"level":"error","message":"PDF attachment processing error","shiftRequestId":192,"timestamp":"2025-09-27T14:16:07.246Z"}
{"error":{},"level":"error","message":"Update shift request attachment error","timestamp":"2025-09-27T14:29:30.866Z"}
{"level":"info","message":"PDF attachment updated successfully","shiftRequestId":190,"timestamp":"2025-09-27T14:34:12.054Z","userId":33}
{"level":"info","message":"UpdateClientShiftRequest - SQL and params","params":["2025-09-28 00:00:00","2025-09-28 01:00:00","2025-09-28 02:00:00",7,1,null,"2025-09-27T14:35:04.393Z",33,190],"timestamp":"2025-09-27T14:35:04.715Z","updateSql":"UPDATE Clientshiftrequests SET Shiftdate = ?, Starttime = ?, Endtime = ?, Qualificationgroupid = ?, Totalrequiredstaffnumber = ?, Additionalvalue = ?, Updatedat = ?, Updatedbyid = ? WHERE id = ?"}
{"affectedRows":1,"level":"info","message":"UpdateClientShiftRequest - updateResult","timestamp":"2025-09-27T14:35:04.906Z","updateResult":[{"affectedRows":1,"changedRows":1,"fieldCount":0,"info":"Rows matched: 1  Changed: 1  Warnings: 0","insertId":0,"serverStatus":2,"warningStatus":0},null]}
{"Totalrequiredstaffnumber":1,"level":"info","message":"UpdateClientShiftRequest - DB value after update","timestamp":"2025-09-27T14:35:05.112Z","updatedRow":{"Additionalvalue":null,"Cancelledbycontactdetails":null,"Cancelledbyfullname":null,"Clientid":16,"Clientlocationid":31,"Createdat":"2025-09-27T12:53:22.000Z","Createdbyid":33,"Deletedat":null,"Deletedbyid":null,"Endtime":"2025-09-28 02:00:00","ID":190,"Iscancelled":null,"Qualificationgroupid":7,"Shiftdate":"2025-09-28 00:00:00","Starttime":"2025-09-28 01:00:00","Sysstarttime":"2025-09-27T12:53:22.000Z","Totalrequiredstaffnumber":1,"Updatedat":"2025-09-27T14:35:04.000Z","Updatedbyid":33}}
{"attachmentId":2,"fileName":"Medical Certificate.pdf","gcsPath":"2025/09/27/shift-193_1758983816165_lpcwze4yy2g.pdf","level":"info","message":"PDF attachment uploaded successfully","shiftRequestId":193,"timestamp":"2025-09-27T14:36:58.712Z"}
{"count":4,"emails":["geeyasc@gmail.com","e@gmail.com","harshitmalhotra141@gmail.com","harry@gmail.com"],"level":"info","message":"Qualified employee notification target list","timestamp":"2025-09-27T14:36:58.963Z"}
{"createdShiftLength":1,"level":"info","message":"Shift data for email notification","shift":{"Additionalvalue":null,"Cancelledbycontactdetails":null,"Cancelledbyfullname":null,"Clientid":16,"Clientlocationid":31,"Createdat":"2025-09-27T14:36:55.000Z","Createdbyid":33,"Deletedat":null,"Deletedbyid":null,"Endtime":"2025-09-30 11:00:00","ID":193,"Iscancelled":null,"LocationName":"GS Certified Location","Qualificationgroupid":7,"Shiftdate":"2025-09-30 00:00:00","Starttime":"2025-09-30 07:00:00","Sysstarttime":"2025-09-27T14:36:55.000Z","Totalrequiredstaffnumber":1,"Updatedat":"2025-09-27T14:36:55.000Z","Updatedbyid":33,"clientname":"GS Certified Client"},"timestamp":"2025-09-27T14:36:58.963Z"}
{"clientName":"GS Certified Client","level":"info","locationName":"GS Certified Location","message":"Email notification data","shiftDate":"2025-09-30 00:00:00","timestamp":"2025-09-27T14:36:58.964Z"}
{"level":"info","message":"Sending shift notification email","timestamp":"2025-09-27T14:36:58.964Z","to":"geeyasc@gmail.com"}
{"formattedEndTime":"2025-09-30 11:00","formattedShiftDate":"2025-09-30","formattedStartTime":"2025-09-30 07:00","level":"info","message":"Email template data","qualificationNames":["Midwife"],"timestamp":"2025-09-27T14:36:58.964Z"}
{"level":"info","message":"Attempting to send email","subject":"New Shift Available: GS Certified Location on 2025-09-30","timestamp":"2025-09-27T14:36:58.965Z","to":"geeyasc@gmail.com"}
{"level":"info","message":"Sending shift notification email","timestamp":"2025-09-27T14:36:58.966Z","to":"e@gmail.com"}
{"formattedEndTime":"2025-09-30 11:00","formattedShiftDate":"2025-09-30","formattedStartTime":"2025-09-30 07:00","level":"info","message":"Email template data","qualificationNames":["Midwife"],"timestamp":"2025-09-27T14:36:58.966Z"}
{"level":"info","message":"Attempting to send email","subject":"New Shift Available: GS Certified Location on 2025-09-30","timestamp":"2025-09-27T14:36:58.966Z","to":"e@gmail.com"}
{"level":"info","message":"Sending shift notification email","timestamp":"2025-09-27T14:36:58.967Z","to":"harshitmalhotra141@gmail.com"}
{"formattedEndTime":"2025-09-30 11:00","formattedShiftDate":"2025-09-30","formattedStartTime":"2025-09-30 07:00","level":"info","message":"Email template data","qualificationNames":["Midwife"],"timestamp":"2025-09-27T14:36:58.967Z"}
{"level":"info","message":"Attempting to send email","subject":"New Shift Available: GS Certified Location on 2025-09-30","timestamp":"2025-09-27T14:36:58.967Z","to":"harshitmalhotra141@gmail.com"}
{"level":"info","message":"Sending shift notification email","timestamp":"2025-09-27T14:36:58.968Z","to":"harry@gmail.com"}
{"formattedEndTime":"2025-09-30 11:00","formattedShiftDate":"2025-09-30","formattedStartTime":"2025-09-30 07:00","level":"info","message":"Email template data","qualificationNames":["Midwife"],"timestamp":"2025-09-27T14:36:58.968Z"}
{"level":"info","message":"Attempting to send email","subject":"New Shift Available: GS Certified Location on 2025-09-30","timestamp":"2025-09-27T14:36:58.968Z","to":"harry@gmail.com"}
{"level":"info","message":"Email sent successfully","timestamp":"2025-09-27T14:37:01.949Z","to":"e@gmail.com"}
{"level":"info","message":"Email sent successfully","timestamp":"2025-09-27T14:37:02.105Z","to":"geeyasc@gmail.com"}
{"level":"info","message":"Email sent successfully","timestamp":"2025-09-27T14:37:02.333Z","to":"harshitmalhotra141@gmail.com"}
{"level":"info","message":"Email sent successfully","timestamp":"2025-09-27T14:37:03.172Z","to":"harry@gmail.com"}
